<?xml version="1.0" encoding="UTF-8"?>
<coverage generated="1762529220668" clover="3.2.0">
  <project timestamp="1762529220668" name="All files">
    <metrics statements="45" coveredstatements="45" conditionals="29" coveredconditionals="25" methods="6" coveredmethods="6" elements="80" coveredelements="76" complexity="0" loc="45" ncloc="45" packages="1" files="1" classes="1"/>
    <file name="tree-utils.ts" path="/home/etchorz/Abschlussprojekt_Tchorz_Erik/New_Project/src/utils/tree-utils.ts">
      <metrics statements="45" coveredstatements="45" conditionals="29" coveredconditionals="25" methods="6" coveredmethods="6"/>
      <line num="4" count="1002" type="stmt"/>
      <line num="7" count="1" type="stmt"/>
      <line num="8" count="4" type="stmt"/>
      <line num="12" count="1" type="stmt"/>
      <line num="17" count="53" type="stmt"/>
      <line num="18" count="48" type="stmt"/>
      <line num="19" count="48" type="cond" truecount="1" falsecount="0"/>
      <line num="20" count="27" type="cond" truecount="1" falsecount="1"/>
      <line num="21" count="27" type="cond" truecount="1" falsecount="0"/>
      <line num="23" count="22" type="stmt"/>
      <line num="27" count="1" type="stmt"/>
      <line num="28" count="12" type="stmt"/>
      <line num="29" count="9" type="stmt"/>
      <line num="30" count="9" type="cond" truecount="1" falsecount="0"/>
      <line num="31" count="3" type="stmt"/>
      <line num="32" count="3" type="stmt"/>
      <line num="34" count="6" type="cond" truecount="1" falsecount="1"/>
      <line num="35" count="6" type="cond" truecount="1" falsecount="0"/>
      <line num="37" count="6" type="stmt"/>
      <line num="41" count="1" type="stmt"/>
      <line num="42" count="9" type="stmt"/>
      <line num="43" count="9" type="cond" truecount="1" falsecount="0"/>
      <line num="44" count="7" type="cond" truecount="1" falsecount="1"/>
      <line num="45" count="7" type="stmt"/>
      <line num="46" count="12" type="stmt"/>
      <line num="47" count="12" type="cond" truecount="3" falsecount="0"/>
      <line num="48" count="9" type="cond" truecount="1" falsecount="0"/>
      <line num="50" count="4" type="stmt"/>
      <line num="54" count="1" type="stmt"/>
      <line num="61" count="12" type="cond" truecount="1" falsecount="0"/>
      <line num="62" count="1" type="stmt"/>
      <line num="63" count="1" type="stmt"/>
      <line num="66" count="11" type="stmt"/>
      <line num="67" count="11" type="cond" truecount="1" falsecount="0"/>
      <line num="70" count="10" type="cond" truecount="3" falsecount="0"/>
      <line num="71" count="3" type="cond" truecount="2" falsecount="0"/>
      <line num="72" count="3" type="stmt"/>
      <line num="73" count="3" type="stmt"/>
      <line num="77" count="7" type="stmt"/>
      <line num="78" count="7" type="cond" truecount="2" falsecount="0"/>
      <line num="80" count="7" type="cond" truecount="2" falsecount="0"/>
      <line num="82" count="5" type="stmt"/>
      <line num="85" count="2" type="cond" truecount="1" falsecount="1"/>
      <line num="86" count="2" type="stmt"/>
      <line num="87" count="2" type="stmt"/>
    </file>
  </project>
</coverage>
