{"/home/etchorz/Abschlussprojekt_Tchorz_Erik/New_Project/src/utils/tree-utils.ts": {"path":"/home/etchorz/Abschlussprojekt_Tchorz_Erik/New_Project/src/utils/tree-utils.ts","statementMap":{"0":{"start":{"line":7,"column":0},"end":{"line":7,"column":16}},"1":{"start":{"line":12,"column":0},"end":{"line":12,"column":16}},"2":{"start":{"line":27,"column":0},"end":{"line":27,"column":16}},"3":{"start":{"line":41,"column":0},"end":{"line":41,"column":16}},"4":{"start":{"line":54,"column":0},"end":{"line":54,"column":16}},"5":{"start":{"line":4,"column":21},"end":{"line":4,"column":95}},"6":{"start":{"line":4,"column":27},"end":{"line":4,"column":95}},"7":{"start":{"line":4,"column":13},"end":{"line":4,"column":21}},"8":{"start":{"line":8,"column":2},"end":{"line":8,"column":39}},"9":{"start":{"line":17,"column":2},"end":{"line":22,"column":3}},"10":{"start":{"line":17,"column":15},"end":{"line":17,"column":16}},"11":{"start":{"line":18,"column":17},"end":{"line":18,"column":24}},"12":{"start":{"line":19,"column":4},"end":{"line":19,"column":58}},"13":{"start":{"line":19,"column":24},"end":{"line":19,"column":58}},"14":{"start":{"line":20,"column":18},"end":{"line":20,"column":66}},"15":{"start":{"line":21,"column":4},"end":{"line":21,"column":28}},"16":{"start":{"line":21,"column":15},"end":{"line":21,"column":28}},"17":{"start":{"line":23,"column":2},"end":{"line":23,"column":14}},"18":{"start":{"line":28,"column":2},"end":{"line":36,"column":3}},"19":{"start":{"line":28,"column":15},"end":{"line":28,"column":16}},"20":{"start":{"line":29,"column":17},"end":{"line":29,"column":24}},"21":{"start":{"line":30,"column":4},"end":{"line":33,"column":5}},"22":{"start":{"line":31,"column":24},"end":{"line":31,"column":41}},"23":{"start":{"line":32,"column":6},"end":{"line":32,"column":21}},"24":{"start":{"line":34,"column":25},"end":{"line":34,"column":60}},"25":{"start":{"line":35,"column":4},"end":{"line":35,"column":42}},"26":{"start":{"line":35,"column":22},"end":{"line":35,"column":42}},"27":{"start":{"line":37,"column":2},"end":{"line":37,"column":14}},"28":{"start":{"line":42,"column":16},"end":{"line":42,"column":57}},"29":{"start":{"line":43,"column":2},"end":{"line":43,"column":27}},"30":{"start":{"line":43,"column":14},"end":{"line":43,"column":27}},"31":{"start":{"line":44,"column":16},"end":{"line":44,"column":48}},"32":{"start":{"line":45,"column":2},"end":{"line":49,"column":3}},"33":{"start":{"line":46,"column":14},"end":{"line":46,"column":25}},"34":{"start":{"line":47,"column":4},"end":{"line":47,"column":48}},"35":{"start":{"line":47,"column":36},"end":{"line":47,"column":48}},"36":{"start":{"line":48,"column":4},"end":{"line":48,"column":55}},"37":{"start":{"line":48,"column":29},"end":{"line":48,"column":55}},"38":{"start":{"line":50,"column":2},"end":{"line":50,"column":15}},"39":{"start":{"line":61,"column":2},"end":{"line":64,"column":3}},"40":{"start":{"line":62,"column":4},"end":{"line":62,"column":28}},"41":{"start":{"line":63,"column":4},"end":{"line":63,"column":11}},"42":{"start":{"line":66,"column":16},"end":{"line":66,"column":49}},"43":{"start":{"line":67,"column":2},"end":{"line":67,"column":21}},"44":{"start":{"line":67,"column":14},"end":{"line":67,"column":21}},"45":{"start":{"line":70,"column":2},"end":{"line":74,"column":3}},"46":{"start":{"line":71,"column":4},"end":{"line":71,"column":52}},"47":{"start":{"line":72,"column":4},"end":{"line":72,"column":43}},"48":{"start":{"line":73,"column":4},"end":{"line":73,"column":11}},"49":{"start":{"line":77,"column":17},"end":{"line":77,"column":29}},"50":{"start":{"line":78,"column":22},"end":{"line":78,"column":70}},"51":{"start":{"line":80,"column":2},"end":{"line":88,"column":3}},"52":{"start":{"line":82,"column":4},"end":{"line":82,"column":46}},"53":{"start":{"line":85,"column":17},"end":{"line":85,"column":38}},"54":{"start":{"line":86,"column":4},"end":{"line":86,"column":46}},"55":{"start":{"line":87,"column":4},"end":{"line":87,"column":27}}},"fnMap":{"0":{"name":"(anonymous_0)","decl":{"start":{"line":4,"column":21},"end":{"line":4,"column":24}},"loc":{"start":{"line":4,"column":27},"end":{"line":4,"column":95}}},"1":{"name":"cloneDeep","decl":{"start":{"line":7,"column":16},"end":{"line":7,"column":25}},"loc":{"start":{"line":7,"column":33},"end":{"line":9,"column":1}}},"2":{"name":"findNodeAndParent","decl":{"start":{"line":12,"column":16},"end":{"line":12,"column":33}},"loc":{"start":{"line":15,"column":32},"end":{"line":24,"column":1}}},"3":{"name":"removeNode","decl":{"start":{"line":27,"column":16},"end":{"line":27,"column":26}},"loc":{"start":{"line":27,"column":55},"end":{"line":38,"column":1}}},"4":{"name":"isDescendant","decl":{"start":{"line":41,"column":16},"end":{"line":41,"column":28}},"loc":{"start":{"line":41,"column":87},"end":{"line":51,"column":1}}},"5":{"name":"insertNode","decl":{"start":{"line":54,"column":16},"end":{"line":54,"column":26}},"loc":{"start":{"line":58,"column":24},"end":{"line":89,"column":1}}}},"branchMap":{"0":{"loc":{"start":{"line":15,"column":2},"end":{"line":15,"column":32}},"type":"default-arg","locations":[{"start":{"line":15,"column":28},"end":{"line":15,"column":32}}]},"1":{"loc":{"start":{"line":19,"column":4},"end":{"line":19,"column":58}},"type":"if","locations":[{"start":{"line":19,"column":4},"end":{"line":19,"column":58}}]},"2":{"loc":{"start":{"line":20,"column":36},"end":{"line":20,"column":55}},"type":"binary-expr","locations":[{"start":{"line":20,"column":36},"end":{"line":20,"column":49}},{"start":{"line":20,"column":53},"end":{"line":20,"column":55}}]},"3":{"loc":{"start":{"line":21,"column":4},"end":{"line":21,"column":28}},"type":"if","locations":[{"start":{"line":21,"column":4},"end":{"line":21,"column":28}}]},"4":{"loc":{"start":{"line":30,"column":4},"end":{"line":33,"column":5}},"type":"if","locations":[{"start":{"line":30,"column":4},"end":{"line":33,"column":5}}]},"5":{"loc":{"start":{"line":34,"column":36},"end":{"line":34,"column":55}},"type":"binary-expr","locations":[{"start":{"line":34,"column":36},"end":{"line":34,"column":49}},{"start":{"line":34,"column":53},"end":{"line":34,"column":55}}]},"6":{"loc":{"start":{"line":35,"column":4},"end":{"line":35,"column":42}},"type":"if","locations":[{"start":{"line":35,"column":4},"end":{"line":35,"column":42}}]},"7":{"loc":{"start":{"line":43,"column":2},"end":{"line":43,"column":27}},"type":"if","locations":[{"start":{"line":43,"column":2},"end":{"line":43,"column":27}}]},"8":{"loc":{"start":{"line":44,"column":21},"end":{"line":44,"column":46}},"type":"binary-expr","locations":[{"start":{"line":44,"column":21},"end":{"line":44,"column":40}},{"start":{"line":44,"column":44},"end":{"line":44,"column":46}}]},"9":{"loc":{"start":{"line":47,"column":4},"end":{"line":47,"column":48}},"type":"if","locations":[{"start":{"line":47,"column":4},"end":{"line":47,"column":48}}]},"10":{"loc":{"start":{"line":47,"column":8},"end":{"line":47,"column":34}},"type":"binary-expr","locations":[{"start":{"line":47,"column":8},"end":{"line":47,"column":9}},{"start":{"line":47,"column":13},"end":{"line":47,"column":34}}]},"11":{"loc":{"start":{"line":48,"column":4},"end":{"line":48,"column":55}},"type":"if","locations":[{"start":{"line":48,"column":4},"end":{"line":48,"column":55}}]},"12":{"loc":{"start":{"line":61,"column":2},"end":{"line":64,"column":3}},"type":"if","locations":[{"start":{"line":61,"column":2},"end":{"line":64,"column":3}}]},"13":{"loc":{"start":{"line":67,"column":2},"end":{"line":67,"column":21}},"type":"if","locations":[{"start":{"line":67,"column":2},"end":{"line":67,"column":21}}]},"14":{"loc":{"start":{"line":70,"column":2},"end":{"line":74,"column":3}},"type":"if","locations":[{"start":{"line":70,"column":2},"end":{"line":74,"column":3}}]},"15":{"loc":{"start":{"line":70,"column":6},"end":{"line":70,"column":53}},"type":"binary-expr","locations":[{"start":{"line":70,"column":6},"end":{"line":70,"column":23}},{"start":{"line":70,"column":27},"end":{"line":70,"column":53}}]},"16":{"loc":{"start":{"line":71,"column":26},"end":{"line":71,"column":51}},"type":"binary-expr","locations":[{"start":{"line":71,"column":26},"end":{"line":71,"column":45}},{"start":{"line":71,"column":49},"end":{"line":71,"column":51}}]},"17":{"loc":{"start":{"line":78,"column":22},"end":{"line":78,"column":70}},"type":"cond-expr","locations":[{"start":{"line":78,"column":41},"end":{"line":78,"column":52}},{"start":{"line":78,"column":55},"end":{"line":78,"column":70}}]},"18":{"loc":{"start":{"line":80,"column":2},"end":{"line":88,"column":3}},"type":"if","locations":[{"start":{"line":80,"column":2},"end":{"line":88,"column":3}},{"start":{"line":83,"column":9},"end":{"line":88,"column":3}}]},"19":{"loc":{"start":{"line":85,"column":17},"end":{"line":85,"column":38}},"type":"binary-expr","locations":[{"start":{"line":85,"column":17},"end":{"line":85,"column":32}},{"start":{"line":85,"column":36},"end":{"line":85,"column":38}}]}},"s":{"0":1,"1":1,"2":1,"3":1,"4":1,"5":1,"6":1002,"7":1,"8":4,"9":53,"10":53,"11":48,"12":48,"13":21,"14":27,"15":27,"16":10,"17":22,"18":12,"19":12,"20":9,"21":9,"22":3,"23":3,"24":6,"25":6,"26":3,"27":6,"28":9,"29":9,"30":2,"31":7,"32":7,"33":12,"34":12,"35":3,"36":9,"37":2,"38":4,"39":12,"40":1,"41":1,"42":11,"43":11,"44":1,"45":10,"46":3,"47":3,"48":3,"49":7,"50":7,"51":7,"52":5,"53":2,"54":2,"55":2},"f":{"0":1002,"1":4,"2":53,"3":12,"4":9,"5":12},"b":{"0":[17],"1":[21],"2":[27,0],"3":[10],"4":[3],"5":[6,0],"6":[3],"7":[2],"8":[7,0],"9":[3],"10":[12,12],"11":[2],"12":[1],"13":[1],"14":[3],"15":[10,4],"16":[3,1],"17":[3,4],"18":[5,2],"19":[2,0]}}
}
