TN:
SF:src/utils/tree-utils.ts
FN:4,(anonymous_0)
FN:7,cloneDeep
FN:12,findNodeAndParent
FN:27,removeNode
FN:41,isDescendant
FN:54,insertNode
FNF:6
FNH:6
FNDA:1002,(anonymous_0)
FNDA:4,cloneDeep
FNDA:53,findNodeAndParent
FNDA:12,removeNode
FNDA:9,isDescendant
FNDA:12,insertNode
DA:4,1002
DA:7,1
DA:8,4
DA:12,1
DA:17,53
DA:18,48
DA:19,48
DA:20,27
DA:21,27
DA:23,22
DA:27,1
DA:28,12
DA:29,9
DA:30,9
DA:31,3
DA:32,3
DA:34,6
DA:35,6
DA:37,6
DA:41,1
DA:42,9
DA:43,9
DA:44,7
DA:45,7
DA:46,12
DA:47,12
DA:48,9
DA:50,4
DA:54,1
DA:61,12
DA:62,1
DA:63,1
DA:66,11
DA:67,11
DA:70,10
DA:71,3
DA:72,3
DA:73,3
DA:77,7
DA:78,7
DA:80,7
DA:82,5
DA:85,2
DA:86,2
DA:87,2
LF:45
LH:45
BRDA:15,0,0,17
BRDA:19,1,0,21
BRDA:20,2,0,27
BRDA:20,2,1,0
BRDA:21,3,0,10
BRDA:30,4,0,3
BRDA:34,5,0,6
BRDA:34,5,1,0
BRDA:35,6,0,3
BRDA:43,7,0,2
BRDA:44,8,0,7
BRDA:44,8,1,0
BRDA:47,9,0,3
BRDA:47,10,0,12
BRDA:47,10,1,12
BRDA:48,11,0,2
BRDA:61,12,0,1
BRDA:67,13,0,1
BRDA:70,14,0,3
BRDA:70,15,0,10
BRDA:70,15,1,4
BRDA:71,16,0,3
BRDA:71,16,1,1
BRDA:78,17,0,3
BRDA:78,17,1,4
BRDA:80,18,0,5
BRDA:80,18,1,2
BRDA:85,19,0,2
BRDA:85,19,1,0
BRF:29
BRH:25
end_of_record
